

********
 Gradle Layout Check 
********
Gradle Layout is correct.

********
 Extra files found in repo 
********
no extra files found

********
 Missing Readme Headings 
********


********
 Build Check on repo as submitted 
********
> Task :clean UP-TO-DATE
> Task :compileJava
> Task :processResources NO-SOURCE
> Task :classes
> Task :jar
> Task :assemble
> Task :compileTestJava NO-SOURCE
> Task :processTestResources NO-SOURCE
> Task :testClasses UP-TO-DATE
> Task :pmdTest NO-SOURCE
> Task :test NO-SOURCE

> Task :pmdMain
Removed misconfigured rule: LoosePackageCoupling  cause: No packages or classes specified
59 PMD rule violations were found. See the report at: file:///Users/judi/Desktop/repositories/autograder-GP2/temp/nfrey01/build/reports/pmd/main.html

> Task :check
> Task :build

BUILD SUCCESSFUL in 2s
4 actionable tasks: 3 executed, 1 up-to-date


********
 Action Listeners Implemented using lambdas 
********
Total Action Listeners: 0
Total Lambda Expressions0

********
 Missing Swing Components 
********
JOptionPane
JFileChooser
JMenuBar
JMenu


********
 PMD Rules Violations 
********
> Task :clean
> Task :compileJava
> Task :processResources NO-SOURCE
> Task :classes
> Task :jar
> Task :assemble
> Task :compileTestJava NO-SOURCE
> Task :processTestResources NO-SOURCE
> Task :testClasses UP-TO-DATE
> Task :pmdTest NO-SOURCE
> Task :test NO-SOURCE

> Task :pmdMain
32 PMD rule violations were found. See the report at: file:///Users/judi/Desktop/repositories/autograder-GP2/temp/nfrey01/build/reports/pmd/main.html

> Task :check
> Task :build

BUILD SUCCESSFUL in 2s
4 actionable tasks: 4 executed


********
 Junit Test Results 
********
> Task :compileJava
> Task :processResources NO-SOURCE
> Task :classes
> Task :compileTestJava
> Task :processTestResources NO-SOURCE
> Task :testClasses

> Task :test FAILED

KalahCaptureStonesTest > testCaptureWhenZeroPlayerOne() FAILED
    org.opentest4j.AssertionFailedError at KalahCaptureStonesTest.java:72

KalahCaptureStonesTest > testCaptureWhenZeroPlayerTwo() FAILED
    org.opentest4j.AssertionFailedError at KalahCaptureStonesTest.java:101

KalahMoveStonesTest > testMoveStonesZeroCapturePlayerOne() FAILED
    org.opentest4j.AssertionFailedError at KalahMoveStonesTest.java:121

KalahMoveStonesTest > testMoveStonesZeroCapturePlayerTwo() FAILED
    org.opentest4j.AssertionFailedError at KalahMoveStonesTest.java:252
3 actionable tasks: 3 executed


61 tests completed, 4 failed

FAILURE: Build failed with an exception.

* What went wrong:
Execution failed for task ':test'.
> There were failing tests. See the report at: file:///Users/judi/Desktop/repositories/autograder-GP2/temp/nfrey01/build/reports/tests/test/index.html

* Try:
> Run with --scan to get full insights.

BUILD FAILED in 1s


********
 Polymorphism implementation 
********
> Task :compileJava
> Task :processResources NO-SOURCE
> Task :classes
> Task :compileTestJava
> Task :processTestResources NO-SOURCE
> Task :testClasses

> Task :test FAILED

InterfacesTest > testInterfaceImplementationGameRules() FAILED
    org.opentest4j.AssertionFailedError at InterfacesTest.java:72
3 actionable tasks: 3 executed


17 tests completed, 1 failed

FAILURE: Build failed with an exception.

* What went wrong:
Execution failed for task ':test'.
> There were failing tests. See the report at: file:///Users/judi/Desktop/repositories/autograder-GP2/temp/nfrey01/build/reports/tests/test/index.html

* Try:
> Run with --scan to get full insights.

BUILD FAILED in 1s
